<?xml version="1.0" encoding="UTF-8"?>
<!-- Generated by org.testng.reporters.JUnitReportReporter -->
<testsuite hostname="Sriram" failures="0" tests="20" name="basePackage.baseTestRunnerClass" time="149.852" errors="0" timestamp="2025-06-14T22:20:15 IST" skipped="0">
  <testcase classname="basePackage.baseTestRunnerClass" name="ObjectCreations" time="0.008"/>
  <testcase classname="basePackage.baseTestRunnerClass" name="ObjectCreations" time="0.739"/>
  <testcase classname="basePackage.baseTestRunnerClass" name="openUrl" time="0.683"/>
  <testcase classname="basePackage.baseTestRunnerClass" name="openUrl" time="0.926"/>
  <testcase classname="basePackage.baseTestRunnerClass" name="verificationOfEmptyAndInvalidUsernameOrPassword" time="15.100"/>
  <testcase classname="basePackage.baseTestRunnerClass" name="verificationOfEmptyAndInvalidUsernameOrPassword" time="14.945"/>
  <testcase classname="basePackage.baseTestRunnerClass" name="loginFunctionalities" time="6.754"/>
  <testcase classname="basePackage.baseTestRunnerClass" name="loginFunctionalities" time="6.709"/>
  <testcase classname="basePackage.baseTestRunnerClass" name="sortByFunctionalityVerification" time="26.713"/>
  <testcase classname="basePackage.baseTestRunnerClass" name="sortByFunctionalityVerification" time="26.719"/>
  <testcase classname="basePackage.baseTestRunnerClass" name="addToCartverification" time="6.871"/>
  <testcase classname="basePackage.baseTestRunnerClass" name="addToCartverification" time="6.910"/>
  <testcase classname="basePackage.baseTestRunnerClass" name="cartPageFunctionalities" time="4.311"/>
  <testcase classname="basePackage.baseTestRunnerClass" name="cartPageFunctionalities" time="4.362"/>
  <testcase classname="basePackage.baseTestRunnerClass" name="checkoutPageFunction" time="6.716"/>
  <testcase classname="basePackage.baseTestRunnerClass" name="checkoutPageFunction" time="6.716"/>
  <testcase classname="basePackage.baseTestRunnerClass" name="overViewPage" time="2.296"/>
  <testcase classname="basePackage.baseTestRunnerClass" name="overViewPage" time="2.280"/>
  <testcase classname="basePackage.baseTestRunnerClass" name="finishPageFunctionalities" time="5.054"/>
  <testcase classname="basePackage.baseTestRunnerClass" name="finishPageFunctionalities" time="5.040"/>
</testsuite> <!-- basePackage.baseTestRunnerClass -->
